<?xml version="1.0" encoding="UTF-8" standalone="no"?>
<!DOCTYPE log SYSTEM "logger.dtd">
<log>
<record>
  <date>2018-05-03T14:11:42.011-0300</date>
  <logger>GABRIEL DE SOUSA BARROS</logger>
  <level>FINE</level>
  <message>File 117111892-GABRIEL DE SOUSA BARROS.zip was received. It was sent by GABRIEL DE SOUSA BARROS from IP 150.165.42.205</message>
</record>
</log>
<?xml version="1.0" encoding="UTF-8" standalone="no"?>
<!DOCTYPE log SYSTEM "logger.dtd">
<log>
<record>
  <date>2018-05-09T20:00:57.519-0300</date>
  <logger>GABRIEL DE SOUSA BARROS</logger>
  <level>FINE</level>
  <message>File 117111892-GABRIEL DE SOUSA BARROS.zip was received. It was sent by GABRIEL DE SOUSA BARROS from IP 192.168.0.23</message>
</record>
</log>
<?xml version="1.0" encoding="UTF-8" standalone="no"?>
<!DOCTYPE log SYSTEM "logger.dtd">
<log>
<record>
  <date>2018-05-09T20:02:53.038-0300</date>
  <logger>GABRIEL DE SOUSA BARROS</logger>
  <level>FINE</level>
  <message>File 117111892-GABRIEL DE SOUSA BARROS.zip was received. It was sent by GABRIEL DE SOUSA BARROS from IP 192.168.0.23</message>
</record>
