<?xml version="1.0" encoding="UTF-8" standalone="no"?>
<!DOCTYPE log SYSTEM "logger.dtd">
<log>
<record>
  <date>2018-05-10T14:12:16.252-0300</date>
  <logger>GABRIEL DE SOUSA BARROS</logger>
  <level>FINE</level>
  <message>File 117111892-GABRIEL DE SOUSA BARROS.zip was received. It was sent by GABRIEL DE SOUSA BARROS from IP 150.165.42.189</message>
</record>
</log>
<?xml version="1.0" encoding="UTF-8" standalone="no"?>
<!DOCTYPE log SYSTEM "logger.dtd">
<log>
<record>
  <date>2018-05-13T15:25:36.846-0300</date>
  <logger>GABRIEL DE SOUSA BARROS</logger>
  <level>FINE</level>
  <message>File 117111892-GABRIEL DE SOUSA BARROS.zip was received. It was sent by GABRIEL DE SOUSA BARROS from IP 192.168.0.23</message>
</record>
</log>
<?xml version="1.0" encoding="UTF-8" standalone="no"?>
<!DOCTYPE log SYSTEM "logger.dtd">
<log>
<record>
  <date>2018-05-13T15:30:24.624-0300</date>
  <logger>GABRIEL DE SOUSA BARROS</logger>
  <level>FINE</level>
  <message>File 117111892-GABRIEL DE SOUSA BARROS.zip was received. It was sent by GABRIEL DE SOUSA BARROS from IP 192.168.0.23</message>
</record>
</log>
<?xml version="1.0" encoding="UTF-8" standalone="no"?>
<!DOCTYPE log SYSTEM "logger.dtd">
<log>
<record>
  <date>2018-05-13T15:34:48.799-0300</date>
  <logger>GABRIEL DE SOUSA BARROS</logger>
  <level>FINE</level>
  <message>File 117111892-GABRIEL DE SOUSA BARROS.zip was received. It was sent by GABRIEL DE SOUSA BARROS from IP 192.168.0.23</message>
</record>
