<?xml version="1.0" encoding="UTF-8" standalone="no"?>
<!DOCTYPE log SYSTEM "logger.dtd">
<log>
<record>
  <date>2018-06-07T14:13:17.641-0300</date>
  <logger>GABRIEL DE SOUSA BARROS</logger>
  <level>FINE</level>
  <message>File 117111892-GABRIEL DE SOUSA BARROS.zip was received. It was sent by GABRIEL DE SOUSA BARROS from IP 150.165.42.204</message>
</record>
</log>
<?xml version="1.0" encoding="UTF-8" standalone="no"?>
<!DOCTYPE log SYSTEM "logger.dtd">
<log>
<record>
  <date>2018-06-07T21:18:18.656-0300</date>
  <logger>GABRIEL DE SOUSA BARROS</logger>
  <level>FINE</level>
  <message>File 117111892-GABRIEL DE SOUSA BARROS.zip was received. It was sent by GABRIEL DE SOUSA BARROS from IP 192.168.0.23</message>
</record>
</log>
<?xml version="1.0" encoding="UTF-8" standalone="no"?>
<!DOCTYPE log SYSTEM "logger.dtd">
<log>
<record>
  <date>2018-06-07T21:22:53.774-0300</date>
  <logger>GABRIEL DE SOUSA BARROS</logger>
  <level>FINE</level>
  <message>File 117111892-GABRIEL DE SOUSA BARROS.zip was received. It was sent by GABRIEL DE SOUSA BARROS from IP 192.168.0.23</message>
</record>
