<?xml version="1.0" encoding="UTF-8" standalone="no"?>
<!DOCTYPE log SYSTEM "logger.dtd">
<log>
<record>
  <date>2018-05-07T16:12:13.880-0300</date>
  <logger>GABRIEL DE SOUSA BARROS</logger>
  <level>FINE</level>
  <message>File 117111892-GABRIEL DE SOUSA BARROS.zip was received. It was sent by GABRIEL DE SOUSA BARROS from IP 150.165.42.206</message>
</record>
</log>
<?xml version="1.0" encoding="UTF-8" standalone="no"?>
<!DOCTYPE log SYSTEM "logger.dtd">
<log>
<record>
  <date>2018-05-10T21:08:31.460-0300</date>
  <logger>GABRIEL DE SOUSA BARROS</logger>
  <level>FINE</level>
  <message>File 117111892-GABRIEL DE SOUSA BARROS.zip was received. It was sent by GABRIEL DE SOUSA BARROS from IP 192.168.0.23</message>
</record>
</log>
<?xml version="1.0" encoding="UTF-8" standalone="no"?>
<!DOCTYPE log SYSTEM "logger.dtd">
<log>
<record>
  <date>2018-05-10T21:20:41.422-0300</date>
  <logger>GABRIEL DE SOUSA BARROS</logger>
  <level>FINE</level>
  <message>File 117111892-GABRIEL DE SOUSA BARROS.zip was received. It was sent by GABRIEL DE SOUSA BARROS from IP 192.168.0.23</message>
</record>
</log>
<?xml version="1.0" encoding="UTF-8" standalone="no"?>
<!DOCTYPE log SYSTEM "logger.dtd">
<log>
<record>
  <date>2018-05-10T21:23:17.401-0300</date>
  <logger>GABRIEL DE SOUSA BARROS</logger>
  <level>FINE</level>
  <message>File 117111892-GABRIEL DE SOUSA BARROS.zip was received. It was sent by GABRIEL DE SOUSA BARROS from IP 192.168.0.23</message>
</record>
</log>
<?xml version="1.0" encoding="UTF-8" standalone="no"?>
<!DOCTYPE log SYSTEM "logger.dtd">
<log>
<record>
  <date>2018-05-10T21:24:48.367-0300</date>
  <logger>GABRIEL DE SOUSA BARROS</logger>
  <level>FINE</level>
  <message>File 117111892-GABRIEL DE SOUSA BARROS.zip was received. It was sent by GABRIEL DE SOUSA BARROS from IP 192.168.0.23</message>
</record>
