<?xml version="1.0" encoding="UTF-8" standalone="no"?>
<!DOCTYPE log SYSTEM "logger.dtd">
<log>
<record>
  <date>2018-05-28T16:06:45.705-0300</date>
  <logger>GABRIEL DE SOUSA BARROS</logger>
  <level>FINE</level>
  <message>File 117111892-GABRIEL DE SOUSA BARROS.zip was received. It was sent by GABRIEL DE SOUSA BARROS from IP 192.168.0.23</message>
</record>
</log>
<?xml version="1.0" encoding="UTF-8" standalone="no"?>
<!DOCTYPE log SYSTEM "logger.dtd">
<log>
<record>
  <date>2018-05-28T21:22:26.288-0300</date>
  <logger>GABRIEL DE SOUSA BARROS</logger>
  <level>FINE</level>
  <message>File 117111892-GABRIEL DE SOUSA BARROS.zip was received. It was sent by GABRIEL DE SOUSA BARROS from IP 192.168.0.23</message>
</record>
</log>
<?xml version="1.0" encoding="UTF-8" standalone="no"?>
<!DOCTYPE log SYSTEM "logger.dtd">
<log>
<record>
  <date>2018-05-28T22:28:49.497-0300</date>
  <logger>GABRIEL DE SOUSA BARROS</logger>
  <level>FINE</level>
  <message>File 117111892-GABRIEL DE SOUSA BARROS.zip was received. It was sent by GABRIEL DE SOUSA BARROS from IP 192.168.0.23</message>
</record>
